<?xml version="1.0" encoding="UTF-8"?>
<!-- Generated by org.testng.reporters.JUnitReportReporter -->
<testsuite skipped="0" hostname="DESKTOP-KKCD7HH" name="com.demo.nopcommerce.testsuite.LoginTest" tests="1" failures="0" timestamp="11 Apr 2020 10:41:35 GMT" time="29.377" errors="0">
  <testcase name="verifyUserShouldNavigateToLoginPage" time="29.377" classname="com.demo.nopcommerce.testsuite.LoginTest"/>
</testsuite> <!-- com.demo.nopcommerce.testsuite.LoginTest -->
