<?xml version="1.0" encoding="UTF-8"?>
<!-- Generated by org.testng.reporters.JUnitReportReporter -->
<testsuite skipped="0" hostname="DESKTOP-KKCD7HH" name="com.demo.nopcommerce.AppTest" tests="1" failures="0" timestamp="11 Apr 2020 10:41:36 GMT" time="0.016" errors="0">
  <testcase name="shouldAnswerWithTrue" time="0.016" classname="com.demo.nopcommerce.AppTest"/>
</testsuite> <!-- com.demo.nopcommerce.AppTest -->
